<?xml version="1.0" encoding="UTF-8"?>
<!-- Generated by org.testng.reporters.JUnitReportReporter -->
<testsuite skipped="0" hostname="GhXsT" name="Day7.ExecutePOM" tests="1" failures="0" timestamp="2021-03-21T16:18:11 IST" time="10.705" errors="0">
  <testcase name="f" time="10.705" classname="Day7.ExecutePOM"/>
  <system-out/>
</testsuite> <!-- Day7.ExecutePOM -->
