<?xml version="1.0" encoding="UTF-8"?>
<!-- Generated by org.testng.reporters.JUnitReportReporter -->
<testsuite skipped="0" hostname="GhXsT" name="Day7.ReadCSV" tests="1" failures="0" timestamp="2021-03-21T17:08:07 IST" time="17.976" errors="0">
  <testcase name="f" time="17.976" classname="Day7.ReadCSV"/>
  <system-out/>
</testsuite> <!-- Day7.ReadCSV -->
