<?xml version="1.0" encoding="UTF-8"?>
<!-- Generated by org.testng.reporters.JUnitReportReporter -->
<testsuite skipped="0" hostname="GhXsT" name="Day4.TestNGNewTest2" tests="2" failures="0" timestamp="2021-03-07T16:13:17 IST" time="5.172" errors="0">
  <testcase name="TitleTest" time="4.923" classname="Day4.TestNGNewTest2"/>
  <system-out/>
  <testcase name="ReferencesTest" time="0.249" classname="Day4.TestNGNewTest2"/>
  <system-out/>
</testsuite> <!-- Day4.TestNGNewTest2 -->
