<?xml version="1.0" encoding="UTF-8"?>
<!-- Generated by org.testng.reporters.JUnitReportReporter -->
<testsuite skipped="0" hostname="GhXsT" name="Day4.Q1TestNG" tests="4" failures="0" timestamp="2021-03-13T16:21:34 IST" time="25.789" errors="0">
  <testcase name="f" time="8.892" classname="Day4.Q1TestNG"/>
  <system-out/>
  <testcase name="f" time="3.909" classname="Day4.Q1TestNG"/>
  <system-out/>
  <testcase name="f" time="6.583" classname="Day4.Q1TestNG"/>
  <system-out/>
  <testcase name="f" time="6.405" classname="Day4.Q1TestNG"/>
  <system-out/>
</testsuite> <!-- Day4.Q1TestNG -->
