<?xml version="1.0" encoding="UTF-8"?>
<!-- Generated by org.testng.reporters.JUnitReportReporter -->
<testsuite skipped="0" hostname="GhXsT" name="Day6.AllLinks" tests="1" failures="0" timestamp="2021-03-14T15:36:51 IST" time="6.451" errors="0">
  <testcase name="f" time="6.451" classname="Day6.AllLinks"/>
  <system-out/>
</testsuite> <!-- Day6.AllLinks -->
