<?xml version="1.0" encoding="UTF-8"?>
<!-- Generated by org.testng.reporters.JUnitReportReporter -->
<testsuite skipped="0" hostname="GhXsT" name="Day7.Headless" tests="1" failures="0" timestamp="2021-03-29T15:14:11 IST" time="6.998" errors="0">
  <testcase name="f" time="6.998" classname="Day7.Headless"/>
  <system-out/>
</testsuite> <!-- Day7.Headless -->
