<?xml version="1.0" encoding="UTF-8"?>
<!-- Generated by org.testng.reporters.JUnitReportReporter -->
<testsuite skipped="1" hostname="GhXsT" name="Day7.ExecutePageFactory" tests="2" failures="0" timestamp="2021-03-28T13:43:03 IST" time="11.972" errors="0">
  <testcase name="f" time="11.972" classname="Day7.ExecutePageFactory"/>
  <system-out/>
  <testcase name="AllLinks" classname="Day7.ExecutePageFactory">
    <skipped/>
  </testcase> <!-- AllLinks -->
  <system-out/>
</testsuite> <!-- Day7.ExecutePageFactory -->
