<?xml version="1.0" encoding="UTF-8"?>
<!-- Generated by org.testng.reporters.JUnitReportReporter -->
<testsuite skipped="0" hostname="GhXsT" name="Day6.GroupExample" tests="4" failures="0" timestamp="2021-03-14T16:30:58 IST" time="0.017" errors="0">
  <testcase name="f1" time="0.010" classname="Day6.GroupExample"/>
  <system-out/>
  <testcase name="f2" time="0.002" classname="Day6.GroupExample"/>
  <system-out/>
  <testcase name="f3" time="0.002" classname="Day6.GroupExample"/>
  <system-out/>
  <testcase name="f4" time="0.003" classname="Day6.GroupExample"/>
  <system-out/>
</testsuite> <!-- Day6.GroupExample -->
