<?xml version="1.0" encoding="UTF-8"?>
<!-- Generated by org.testng.reporters.JUnitReportReporter -->
<testsuite skipped="0" hostname="GhXsT" name="Day5.Scrolling" tests="1" failures="0" timestamp="2021-03-13T17:03:20 IST" time="19.009" errors="0">
  <testcase name="f" time="19.009" classname="Day5.Scrolling"/>
  <system-out/>
</testsuite> <!-- Day5.Scrolling -->
