<?xml version="1.0" encoding="UTF-8"?>
<!-- Generated by org.testng.reporters.JUnitReportReporter -->
<testsuite skipped="0" hostname="GhXsT" name="Day4.TestNGNewTest" tests="1" failures="0" timestamp="2021-03-07T15:51:46 IST" time="2.445" errors="0">
  <testcase name="GoogleTest" time="2.445" classname="Day4.TestNGNewTest"/>
  <system-out/>
</testsuite> <!-- Day4.TestNGNewTest -->
