<?xml version="1.0" encoding="UTF-8"?>
<!-- Generated by org.testng.reporters.JUnitReportReporter -->
<testsuite skipped="0" hostname="GhXsT" name="Day6.KeyWordsExecute" tests="3" failures="0" timestamp="2021-03-14T16:26:25 IST" time="6.360" errors="0">
  <testcase name="f" time="1.537" classname="Day6.KeyWordsExecute"/>
  <system-out/>
  <testcase name="f" time="4.191" classname="Day6.KeyWordsExecute"/>
  <system-out/>
  <testcase name="f" time="0.632" classname="Day6.KeyWordsExecute"/>
  <system-out/>
</testsuite> <!-- Day6.KeyWordsExecute -->
