<?xml version="1.0" encoding="UTF-8"?>
<!-- Generated by org.testng.reporters.JUnitReportReporter -->
<testsuite skipped="0" hostname="GhXsT" name="Day6.ReadingProperty" tests="1" failures="0" timestamp="2021-03-20T14:54:43 IST" time="6.589" errors="0">
  <testcase name="f" time="6.589" classname="Day6.ReadingProperty"/>
  <system-out/>
</testsuite> <!-- Day6.ReadingProperty -->
